This is pdfTeX, Version 3.1415926-2.4-1.40.13 (MiKTeX 2.9) (preloaded format=pdflatex 2013.10.17)  7 APR 2014 08:45
entering extended mode
**DataSummaryFrmDos.tex

("C:\Users\Eric\Desktop\Spring 2014\BioMethods2\Final-Project\DataSummaryFrmDos
.tex"
LaTeX2e <2011/06/27>
Babel <v3.8m> and hyphenation patterns for english, afrikaans, ancientgreek, ar
abic, armenian, assamese, basque, bengali, bokmal, bulgarian, catalan, coptic, 
croatian, czech, danish, dutch, esperanto, estonian, farsi, finnish, french, ga
lician, german, german-x-2012-05-30, greek, gujarati, hindi, hungarian, iceland
ic, indonesian, interlingua, irish, italian, kannada, kurmanji, latin, latvian,
 lithuanian, malayalam, marathi, mongolian, mongolianlmc, monogreek, ngerman, n
german-x-2012-05-30, nynorsk, oriya, panjabi, pinyin, polish, portuguese, roman
ian, russian, sanskrit, serbian, slovak, slovenian, spanish, swedish, swissgerm
an, tamil, telugu, turkish, turkmen, ukenglish, ukrainian, uppersorbian, usengl
ishmax, welsh, loaded.
("C:\Program Files (x86)\MiKTeX 2.9\tex\latex\base\article.cls"
Document Class: article 2007/10/19 v1.4h Standard LaTeX document class
("C:\Program Files (x86)\MiKTeX 2.9\tex\latex\base\size10.clo"
File: size10.clo 2007/10/19 v1.4h Standard LaTeX file (size option)
)
\c@part=\count79
\c@section=\count80
\c@subsection=\count81
\c@subsubsection=\count82
\c@paragraph=\count83
\c@subparagraph=\count84
\c@figure=\count85
\c@table=\count86
\abovecaptionskip=\skip41
\belowcaptionskip=\skip42
\bibindent=\dimen102
)
("C:\Program Files (x86)\MiKTeX 2.9\tex\latex\graphics\graphicx.sty"
Package: graphicx 1999/02/16 v1.0f Enhanced LaTeX Graphics (DPC,SPQR)

("C:\Program Files (x86)\MiKTeX 2.9\tex\latex\graphics\keyval.sty"
Package: keyval 1999/03/16 v1.13 key=value parser (DPC)
\KV@toks@=\toks14
)
("C:\Program Files (x86)\MiKTeX 2.9\tex\latex\graphics\graphics.sty"
Package: graphics 2009/02/05 v1.0o Standard LaTeX Graphics (DPC,SPQR)

("C:\Program Files (x86)\MiKTeX 2.9\tex\latex\graphics\trig.sty"
Package: trig 1999/03/16 v1.09 sin cos tan (DPC)
)
("C:\Program Files (x86)\MiKTeX 2.9\tex\latex\00miktex\graphics.cfg"
File: graphics.cfg 2007/01/18 v1.5 graphics configuration of teTeX/TeXLive
)
Package graphics Info: Driver file: pdftex.def on input line 91.

("C:\Program Files (x86)\MiKTeX 2.9\tex\latex\pdftex-def\pdftex.def"
File: pdftex.def 2011/05/27 v0.06d Graphics/color for pdfTeX

("C:\Program Files (x86)\MiKTeX 2.9\tex\generic\oberdiek\infwarerr.sty"
Package: infwarerr 2010/04/08 v1.3 Providing info/warning/error messages (HO)
)
("C:\Program Files (x86)\MiKTeX 2.9\tex\generic\oberdiek\ltxcmds.sty"
Package: ltxcmds 2011/11/09 v1.22 LaTeX kernel commands for general use (HO)
)
\Gread@gobject=\count87
))
\Gin@req@height=\dimen103
\Gin@req@width=\dimen104
)
("C:\Program Files (x86)\MiKTeX 2.9\tex\latex\graphics\color.sty"
Package: color 2005/11/14 v1.0j Standard LaTeX Color (DPC)

("C:\Program Files (x86)\MiKTeX 2.9\tex\latex\00miktex\color.cfg"
File: color.cfg 2007/01/18 v1.5 color configuration of teTeX/TeXLive
)
Package color Info: Driver file: pdftex.def on input line 130.
)
("C:\Users\Eric\Desktop\Spring 2014\BioMethods2\Final-Project\framed.sty"
Package: framed 2011/10/22 v 0.96: framed or shaded text with page breaks
\OuterFrameSep=\skip43
\fb@frw=\dimen105
\fb@frh=\dimen106
\FrameRule=\dimen107
\FrameSep=\dimen108
)
("C:\Program Files (x86)\MiKTeX 2.9\tex\latex\base\alltt.sty"
Package: alltt 1997/06/16 v2.0g defines alltt environment
)
("C:\Program Files (x86)\MiKTeX 2.9\tex\latex\upquote\upquote.sty"
Package: upquote 2012/04/19 v1.3 upright-quote and grave-accent glyphs in verba
tim
)
("C:\Users\Eric\Desktop\Spring 2014\BioMethods2\Final-Project\DataSummaryFrmDos
.aux")
LaTeX Font Info:    Checking defaults for OML/cmm/m/it on input line 55.
LaTeX Font Info:    ... okay on input line 55.
LaTeX Font Info:    Checking defaults for T1/cmr/m/n on input line 55.
LaTeX Font Info:    ... okay on input line 55.
LaTeX Font Info:    Checking defaults for OT1/cmr/m/n on input line 55.
LaTeX Font Info:    ... okay on input line 55.
LaTeX Font Info:    Checking defaults for OMS/cmsy/m/n on input line 55.
LaTeX Font Info:    ... okay on input line 55.
LaTeX Font Info:    Checking defaults for OMX/cmex/m/n on input line 55.
LaTeX Font Info:    ... okay on input line 55.
LaTeX Font Info:    Checking defaults for U/cmr/m/n on input line 55.
LaTeX Font Info:    ... okay on input line 55.
 ("C:\Program Files (x86)\MiKTeX 2.9\tex\context\base\supp-pdf.mkii"
[Loading MPS to PDF converter (version 2006.09.02).]
\scratchcounter=\count88
\scratchdimen=\dimen109
\scratchbox=\box26
\nofMPsegments=\count89
\nofMParguments=\count90
\everyMPshowfont=\toks15
\MPscratchCnt=\count91
\MPscratchDim=\dimen110
\MPnumerator=\count92
\makeMPintoPDFobject=\count93
\everyMPtoPDFconversion=\toks16
)
LaTeX Font Info:    External font `cmex10' loaded for size
(Font)              <12> on input line 58.
LaTeX Font Info:    External font `cmex10' loaded for size
(Font)              <8> on input line 58.
LaTeX Font Info:    External font `cmex10' loaded for size
(Font)              <6> on input line 58.
Package color Info: Redefining color shadecolor on input line 60.
LaTeX Font Info:    Font shape `OT1/cmtt/bx/n' in size <10> not available
(Font)              Font shape `OT1/cmtt/m/n' tried instead on input line 62.

Overfull \hbox (30.22304pt too wide) in paragraph at lines 77--78
\OT1/cmr/m/n/10 ma-tion can be found on their web-site at http://www.framingham
heartstudy.org/about-
 []

Package color Info: Redefining color shadecolor on input line 84.
[1

{C:/ProgramData/MiKTeX/2.9/pdftex/config/pdftex.map}]
LaTeX Font Info:    External font `cmex10' loaded for size
(Font)              <7> on input line 106.
LaTeX Font Info:    External font `cmex10' loaded for size
(Font)              <5> on input line 106.

Overfull \hbox (10.58484pt too wide) in paragraph at lines 134--135
[]\OT1/cmr/m/n/10 Currently on Blood Pres-sure Med-i-ca-tion? ($0 = \OML/cmm/m/
it/10 No$\OT1/cmr/m/n/10 , $1 = \OML/cmm/m/it/10 Yes$\OT1/cmr/m/n/10 ) | "BPMED
S" 
 []

Package color Info: Redefining color shadecolor on input line 141.
Package color Info: Redefining color shadecolor on input line 153.
[2] [3]
Package color Info: Redefining color shadecolor on input line 248.
 <figure/dd.pdf, id=21, 505.89pt x 505.89pt>
File: figure/dd.pdf Graphic file (type pdf)
 <use figure/dd.pdf>
Package pdftex.def Info: figure/dd.pdf used on input line 253.
(pdftex.def)             Requested size: 345.0pt x 345.00414pt.

Overfull \hbox (15.0pt too wide) in paragraph at lines 253--254
[][] 
 []

Package color Info: Redefining color shadecolor on input line 261.
[4 <C:/Users/Eric/Desktop/Spring 2014/BioMethods2/Final-Project/figure/dd.pdf>]
<figure/ee.pdf, id=31, 505.89pt x 505.89pt>
File: figure/ee.pdf Graphic file (type pdf)
 <use figure/ee.pdf>
Package pdftex.def Info: figure/ee.pdf used on input line 266.
(pdftex.def)             Requested size: 345.0pt x 345.00414pt.

Overfull \hbox (15.0pt too wide) in paragraph at lines 266--267
[][] 
 []

Package color Info: Redefining color shadecolor on input line 275.
<figure/ff.pdf, id=32, 505.89pt x 505.89pt>
File: figure/ff.pdf Graphic file (type pdf)
 <use figure/ff.pdf>
Package pdftex.def Info: figure/ff.pdf used on input line 280.
(pdftex.def)             Requested size: 345.0pt x 345.00414pt.

Overfull \hbox (15.0pt too wide) in paragraph at lines 280--281
[][] 
 []

[5 <C:/Users/Eric/Desktop/Spring 2014/BioMethods2/Final-Project/figure/ee.pdf>]
Package color Info: Redefining color shadecolor on input line 288.
<figure/gg.pdf, id=42, 505.89pt x 505.89pt>
File: figure/gg.pdf Graphic file (type pdf)
 <use figure/gg.pdf>
Package pdftex.def Info: figure/gg.pdf used on input line 293.
(pdftex.def)             Requested size: 345.0pt x 345.00414pt.

Overfull \hbox (15.0pt too wide) in paragraph at lines 293--294
[][] 
 []

[6 <C:/Users/Eric/Desktop/Spring 2014/BioMethods2/Final-Project/figure/ff.pdf>]
Package color Info: Redefining color shadecolor on input line 302.
<figure/hh.pdf, id=52, 505.89pt x 505.89pt>
File: figure/hh.pdf Graphic file (type pdf)
 <use figure/hh.pdf>
Package pdftex.def Info: figure/hh.pdf used on input line 307.
(pdftex.def)             Requested size: 345.0pt x 345.00414pt.

Overfull \hbox (15.0pt too wide) in paragraph at lines 307--308
[][] 
 []

[7 <C:/Users/Eric/Desktop/Spring 2014/BioMethods2/Final-Project/figure/gg.pdf>]
Package color Info: Redefining color shadecolor on input line 316.
<figure/jj.pdf, id=63, 505.89pt x 505.89pt>
File: figure/jj.pdf Graphic file (type pdf)
 <use figure/jj.pdf>
Package pdftex.def Info: figure/jj.pdf used on input line 321.
(pdftex.def)             Requested size: 345.0pt x 345.00414pt.

Overfull \hbox (15.0pt too wide) in paragraph at lines 321--322
[][] 
 []

[8 <C:/Users/Eric/Desktop/Spring 2014/BioMethods2/Final-Project/figure/hh.pdf>]
Package color Info: Redefining color shadecolor on input line 330.
<figure/kk.pdf, id=73, 505.89pt x 505.89pt>
File: figure/kk.pdf Graphic file (type pdf)
 <use figure/kk.pdf>
Package pdftex.def Info: figure/kk.pdf used on input line 335.
(pdftex.def)             Requested size: 345.0pt x 345.00414pt.

Overfull \hbox (15.0pt too wide) in paragraph at lines 335--336
[][] 
 []

[9 <C:/Users/Eric/Desktop/Spring 2014/BioMethods2/Final-Project/figure/jj.pdf>]
Package color Info: Redefining color shadecolor on input line 343.
<figure/ii.pdf, id=83, 505.89pt x 505.89pt>
File: figure/ii.pdf Graphic file (type pdf)
 <use figure/ii.pdf>
Package pdftex.def Info: figure/ii.pdf used on input line 348.
(pdftex.def)             Requested size: 345.0pt x 345.00414pt.

Overfull \hbox (15.0pt too wide) in paragraph at lines 348--349
[][] 
 []

[10 <C:/Users/Eric/Desktop/Spring 2014/BioMethods2/Final-Project/figure/kk.pdf>
]
Overfull \hbox (4.82127pt too wide) in paragraph at lines 355--355
[]\OT1/cmr/bx/n/14.4 Candidate Con-tin-u-ous Vari-ables for Lin-ear Re-
 []

<Rplot.pdf, id=93, 578.16pt x 433.62pt>
File: Rplot.pdf Graphic file (type pdf)
 <use Rplot.pdf>
Package pdftex.def Info: Rplot.pdf used on input line 361.
(pdftex.def)             Requested size: 345.0pt x 258.74484pt.


LaTeX Warning: `h' float specifier changed to `ht'.

[11 <C:/Users/Eric/Desktop/Spring 2014/BioMethods2/Final-Project/figure/ii.pdf>
]
Package color Info: Redefining color shadecolor on input line 371.

Overfull \hbox (22.4968pt too wide) in paragraph at lines 398--398
[][]\OT1/cmtt/m/n/10 qplot[][](BMI, SYSBP,[] []data[] []= frm2)[] []+[] []geom_
smooth[][]([][]method[] []=[] []"lm"[][],[] []se[] []=[] []TRUE[][])[][] 
 []


Overfull \hbox (15.77684pt too wide) in paragraph at lines 402--402
[]\OT1/cmtt/m/n/10 ## Warning: Removed 19 rows containing missing values (stat[
]smooth). 
 []


Overfull \hbox (10.52689pt too wide) in paragraph at lines 402--402
\OT1/cmtt/m/n/10 ## Warning: Removed 19 rows containing missing values (geom[]p
oint).[] 
 []

[12 <C:/Users/Eric/Desktop/Spring 2014/BioMethods2/Final-Project/Rplot.pdf>]
<figure/dd4.pdf, id=111, 505.89pt x 505.89pt>
File: figure/dd4.pdf Graphic file (type pdf)
 <use figure/dd4.pdf>
Package pdftex.def Info: figure/dd4.pdf used on input line 403.
(pdftex.def)             Requested size: 345.0pt x 345.00414pt.

Overfull \hbox (15.0pt too wide) in paragraph at lines 403--404
[][] 
 []

[13]
Package color Info: Redefining color shadecolor on input line 412.

Overfull \hbox (18.98296pt too wide) in paragraph at lines 418--418
[][]\OT1/cmtt/m/it/10 # Multiple regression model, 1 continuous and 1 categoric
al variables[][] 
 []


Overfull \hbox (48.74657pt too wide) in paragraph at lines 446--446
[][]\OT1/cmtt/m/n/10 qplot[][](BMI, SYSBP,[] []data[] []= frm1_du,[] []color[] 
[]= SEX)[] []+[] []geom_smooth[][]([][]method[] []=[] []"lm"[][],[][] 
 []


Overfull \hbox (10.52689pt too wide) in paragraph at lines 451--451
[]\OT1/cmtt/m/n/10 ## Warning: Removed 5 rows containing missing values (stat[]
smooth). 
 []


Overfull \hbox (15.77684pt too wide) in paragraph at lines 451--451
\OT1/cmtt/m/n/10 ## Warning: Removed 14 rows containing missing values (stat[]s
mooth). 
 []


Overfull \hbox (10.52689pt too wide) in paragraph at lines 451--451
\OT1/cmtt/m/n/10 ## Warning: Removed 19 rows containing missing values (geom[]p
oint).[] 
 []

[14 <C:/Users/Eric/Desktop/Spring 2014/BioMethods2/Final-Project/figure/dd4.pdf
>] <figure/dd21.pdf, id=127, 505.89pt x 505.89pt>
File: figure/dd21.pdf Graphic file (type pdf)
 <use figure/dd21.pdf>
Package pdftex.def Info: figure/dd21.pdf used on input line 452.
(pdftex.def)             Requested size: 345.0pt x 345.00414pt.

Overfull \hbox (15.0pt too wide) in paragraph at lines 452--453
[][] 
 []

[15]
Overfull \hbox (48.74657pt too wide) in paragraph at lines 481--481
[][]\OT1/cmtt/m/n/10 qplot[][](AGE, SYSBP,[] []data[] []= frm1_du,[] []color[] 
[]= SEX)[] []+[] []geom_smooth[][]([][]method[] []=[] []"lm"[][],[][] 
 []

[16 <C:/Users/Eric/Desktop/Spring 2014/BioMethods2/Final-Project/figure/dd21.pd
f>] <figure/dd22.pdf, id=143, 505.89pt x 505.89pt>
File: figure/dd22.pdf Graphic file (type pdf)
 <use figure/dd22.pdf>
Package pdftex.def Info: figure/dd22.pdf used on input line 485.
(pdftex.def)             Requested size: 345.0pt x 345.00414pt.

Overfull \hbox (15.0pt too wide) in paragraph at lines 485--486
[][] 
 []


Overfull \hbox (59.24648pt too wide) in paragraph at lines 515--515
[][]\OT1/cmtt/m/n/10 qplot[][](AGE, GLUCOSE,[] []data[] []= frm1_du,[] []color[
] []= SEX)[] []+[] []geom_smooth[][]([][]method[] []=[] []"lm"[][],[][] 
 []


Overfull \hbox (21.0268pt too wide) in paragraph at lines 520--520
[]\OT1/cmtt/m/n/10 ## Warning: Removed 120 rows containing missing values (stat
[]smooth). 
 []


Overfull \hbox (21.0268pt too wide) in paragraph at lines 520--520
\OT1/cmtt/m/n/10 ## Warning: Removed 277 rows containing missing values (stat[]
smooth). 
 []


Overfull \hbox (15.77684pt too wide) in paragraph at lines 520--520
\OT1/cmtt/m/n/10 ## Warning: Removed 397 rows containing missing values (geom[]
point).[] 
 []

[17 <C:/Users/Eric/Desktop/Spring 2014/BioMethods2/Final-Project/figure/dd22.pd
f>] <figure/dd23.pdf, id=156, 505.89pt x 505.89pt>
File: figure/dd23.pdf Graphic file (type pdf)
 <use figure/dd23.pdf>
Package pdftex.def Info: figure/dd23.pdf used on input line 521.
(pdftex.def)             Requested size: 345.0pt x 345.00414pt.

Overfull \hbox (15.0pt too wide) in paragraph at lines 521--522
[][] 
 []

[18] [19 <C:/Users/Eric/Desktop/Spring 2014/BioMethods2/Final-Project/figure/dd
23.pdf>]
("C:\Users\Eric\Desktop\Spring 2014\BioMethods2\Final-Project\DataSummaryFrmDos
.aux") ) 
Here is how much of TeX's memory you used:
 1341 strings out of 493921
 18431 string characters out of 3144878
 76087 words of memory out of 3000000
 4647 multiletter control sequences out of 15000+200000
 8231 words of font info for 30 fonts, out of 3000000 for 9000
 841 hyphenation exceptions out of 8191
 27i,7n,19p,802b,264s stack positions out of 5000i,500n,10000p,200000b,50000s
<C:/Program Files (x86)/MiKTeX 2.9/fonts/type1/public/amsfonts/cm/cmbx1
0.pfb><C:/Program Files (x86)/MiKTeX 2.9/fonts/type1/public/amsfonts/cm/cmbx12.
pfb><C:/Program Files (x86)/MiKTeX 2.9/fonts/type1/public/amsfonts/cm/cmitt10.p
fb><C:/Program Files (x86)/MiKTeX 2.9/fonts/type1/public/amsfonts/cm/cmmi10.pfb
><C:/Program Files (x86)/MiKTeX 2.9/fonts/type1/public/amsfonts/cm/cmr10.pfb><C
:/Program Files (x86)/MiKTeX 2.9/fonts/type1/public/amsfonts/cm/cmr12.pfb><C:/P
rogram Files (x86)/MiKTeX 2.9/fonts/type1/public/amsfonts/cm/cmr17.pfb><C:/Prog
ram Files (x86)/MiKTeX 2.9/fonts/type1/public/amsfonts/cm/cmr7.pfb><C:/Program 
Files (x86)/MiKTeX 2.9/fonts/type1/public/amsfonts/cm/cmsy10.pfb><C:/Program Fi
les (x86)/MiKTeX 2.9/fonts/type1/public/amsfonts/cm/cmtt10.pfb>
Output written on DataSummaryFrmDos.pdf (19 pages, 6109943 bytes).
PDF statistics:
 205 PDF objects out of 1000 (max. 8388607)
 0 named destinations out of 1000 (max. 500000)
 66 words of extra memory for PDF output out of 10000 (max. 10000000)

